<?xml version="1.0" encoding="UTF-8"?>
<coverage generated="1523285308740" clover="3.2.0">
  <project timestamp="1523285308740" name="All files">
    <metrics statements="77" coveredstatements="65" conditionals="34" coveredconditionals="23" methods="33" coveredmethods="29" elements="144" coveredelements="117" complexity="0" loc="77" ncloc="77" packages="9" files="14" classes="14">
      <package name="FreshSpaceX">
        <metrics statements="5" coveredstatements="5" conditionals="0" coveredconditionals="0" methods="0" coveredmethods="0"/>
        <file name="jestSetup.js" path="/Users/admin/Dev/FreshSpaceX/jestSetup.js">
          <metrics statements="5" coveredstatements="5" conditionals="0" coveredconditionals="0" methods="0" coveredmethods="0"/>
          <line num="4" count="11" type="stmt"/>
          <line num="6" count="11" type="stmt"/>
          <line num="7" count="11" type="stmt"/>
          <line num="8" count="11" type="stmt"/>
          <line num="9" count="11" type="stmt"/>
        </file>
      </package>
      <package name="FreshSpaceX.src.actions">
        <metrics statements="18" coveredstatements="18" conditionals="1" coveredconditionals="1" methods="9" coveredmethods="9"/>
        <file name="actionCreators.js" path="/Users/admin/Dev/FreshSpaceX/src/actions/actionCreators.js">
          <metrics statements="9" coveredstatements="9" conditionals="1" coveredconditionals="1" methods="9" coveredmethods="9"/>
          <line num="21" count="1" type="stmt"/>
          <line num="27" count="1" type="stmt"/>
          <line num="34" count="1" type="stmt"/>
          <line num="40" count="1" type="stmt"/>
          <line num="47" count="1" type="stmt"/>
          <line num="54" count="1" type="stmt"/>
          <line num="61" count="1" type="stmt"/>
          <line num="67" count="2" type="stmt"/>
          <line num="74" count="1" type="stmt"/>
        </file>
        <file name="actionTypes.js" path="/Users/admin/Dev/FreshSpaceX/src/actions/actionTypes.js">
          <metrics statements="9" coveredstatements="9" conditionals="0" coveredconditionals="0" methods="0" coveredmethods="0"/>
          <line num="4" count="5" type="stmt"/>
          <line num="5" count="5" type="stmt"/>
          <line num="8" count="5" type="stmt"/>
          <line num="9" count="5" type="stmt"/>
          <line num="12" count="5" type="stmt"/>
          <line num="13" count="5" type="stmt"/>
          <line num="14" count="5" type="stmt"/>
          <line num="15" count="5" type="stmt"/>
          <line num="18" count="5" type="stmt"/>
        </file>
      </package>
      <package name="FreshSpaceX.src.components.copyright">
        <metrics statements="1" coveredstatements="1" conditionals="0" coveredconditionals="0" methods="1" coveredmethods="1"/>
        <file name="Copyright.jsx" path="/Users/admin/Dev/FreshSpaceX/src/components/copyright/Copyright.jsx">
          <metrics statements="1" coveredstatements="1" conditionals="0" coveredconditionals="0" methods="1" coveredmethods="1"/>
          <line num="5" count="1" type="stmt"/>
        </file>
      </package>
      <package name="FreshSpaceX.src.components.header">
        <metrics statements="7" coveredstatements="7" conditionals="2" coveredconditionals="2" methods="5" coveredmethods="5"/>
        <file name="Header.jsx" path="/Users/admin/Dev/FreshSpaceX/src/components/header/Header.jsx">
          <metrics statements="7" coveredstatements="7" conditionals="2" coveredconditionals="2" methods="5" coveredmethods="5"/>
          <line num="14" count="2" type="stmt"/>
          <line num="16" count="2" type="stmt"/>
          <line num="21" count="1" type="stmt"/>
          <line num="22" count="1" type="stmt"/>
          <line num="25" count="2" type="stmt"/>
          <line num="31" count="4" type="cond" truecount="2" falsecount="0"/>
          <line num="33" count="4" type="stmt"/>
        </file>
      </package>
      <package name="FreshSpaceX.src.components.spinner">
        <metrics statements="2" coveredstatements="2" conditionals="0" coveredconditionals="0" methods="1" coveredmethods="1"/>
        <file name="Spinner.jsx" path="/Users/admin/Dev/FreshSpaceX/src/components/spinner/Spinner.jsx">
          <metrics statements="2" coveredstatements="2" conditionals="0" coveredconditionals="0" methods="1" coveredmethods="1"/>
          <line num="6" count="2" type="stmt"/>
          <line num="7" count="1" type="stmt"/>
        </file>
      </package>
      <package name="FreshSpaceX.src.reducers">
        <metrics statements="16" coveredstatements="16" conditionals="16" coveredconditionals="16" methods="4" coveredmethods="4"/>
        <file name="companyData.js" path="/Users/admin/Dev/FreshSpaceX/src/reducers/companyData.js">
          <metrics statements="3" coveredstatements="3" conditionals="3" coveredconditionals="3" methods="1" coveredmethods="1"/>
          <line num="14" count="2" type="cond" truecount="2" falsecount="0"/>
          <line num="16" count="1" type="stmt"/>
          <line num="19" count="1" type="stmt"/>
        </file>
        <file name="launches.js" path="/Users/admin/Dev/FreshSpaceX/src/reducers/launches.js">
          <metrics statements="7" coveredstatements="7" conditionals="7" coveredconditionals="7" methods="1" coveredmethods="1"/>
          <line num="17" count="5" type="cond" truecount="4" falsecount="0"/>
          <line num="19" count="2" type="stmt"/>
          <line num="20" count="2" type="cond" truecount="2" falsecount="0"/>
          <line num="22" count="2" type="stmt"/>
          <line num="29" count="1" type="stmt"/>
          <line num="36" count="1" type="stmt"/>
          <line num="43" count="1" type="stmt"/>
        </file>
        <file name="measurementSystem.js" path="/Users/admin/Dev/FreshSpaceX/src/reducers/measurementSystem.js">
          <metrics statements="3" coveredstatements="3" conditionals="3" coveredconditionals="3" methods="1" coveredmethods="1"/>
          <line num="9" count="2" type="cond" truecount="2" falsecount="0"/>
          <line num="11" count="1" type="stmt"/>
          <line num="17" count="1" type="stmt"/>
        </file>
        <file name="rocketsData.js" path="/Users/admin/Dev/FreshSpaceX/src/reducers/rocketsData.js">
          <metrics statements="3" coveredstatements="3" conditionals="3" coveredconditionals="3" methods="1" coveredmethods="1"/>
          <line num="9" count="2" type="cond" truecount="2" falsecount="0"/>
          <line num="11" count="1" type="stmt"/>
          <line num="14" count="1" type="stmt"/>
        </file>
      </package>
      <package name="FreshSpaceX.src.utils">
        <metrics statements="5" coveredstatements="5" conditionals="1" coveredconditionals="1" methods="3" coveredmethods="3"/>
        <file name="FetchData.js" path="/Users/admin/Dev/FreshSpaceX/src/utils/FetchData.js">
          <metrics statements="5" coveredstatements="5" conditionals="1" coveredconditionals="1" methods="3" coveredmethods="3"/>
          <line num="4" count="1" type="cond" truecount="1" falsecount="0"/>
          <line num="5" count="1" type="stmt"/>
          <line num="7" count="1" type="stmt"/>
          <line num="8" count="1" type="stmt"/>
          <line num="9" count="1" type="stmt"/>
        </file>
      </package>
      <package name="FreshSpaceX.src.views.contacts">
        <metrics statements="1" coveredstatements="1" conditionals="0" coveredconditionals="0" methods="1" coveredmethods="1"/>
        <file name="Contacts.jsx" path="/Users/admin/Dev/FreshSpaceX/src/views/contacts/Contacts.jsx">
          <metrics statements="1" coveredstatements="1" conditionals="0" coveredconditionals="0" methods="1" coveredmethods="1"/>
          <line num="9" count="1" type="stmt"/>
        </file>
      </package>
      <package name="FreshSpaceX.src.views.launches">
        <metrics statements="22" coveredstatements="10" conditionals="14" coveredconditionals="3" methods="9" coveredmethods="5"/>
        <file name="LaunchBlock.jsx" path="/Users/admin/Dev/FreshSpaceX/src/views/launches/LaunchBlock.jsx">
          <metrics statements="3" coveredstatements="1" conditionals="6" coveredconditionals="0" methods="1" coveredmethods="0"/>
          <line num="8" count="1" type="stmt"/>
          <line num="16" count="0" type="stmt"/>
          <line num="19" count="0" type="stmt"/>
        </file>
        <file name="Launches.jsx" path="/Users/admin/Dev/FreshSpaceX/src/views/launches/Launches.jsx">
          <metrics statements="19" coveredstatements="9" conditionals="8" coveredconditionals="3" methods="8" coveredmethods="5"/>
          <line num="28" count="2" type="stmt"/>
          <line num="30" count="2" type="stmt"/>
          <line num="36" count="2" type="stmt"/>
          <line num="40" count="2" type="cond" truecount="1" falsecount="1"/>
          <line num="41" count="2" type="stmt"/>
          <line num="46" count="1" type="stmt"/>
          <line num="50" count="0" type="stmt"/>
          <line num="52" count="0" type="stmt"/>
          <line num="56" count="0" type="stmt"/>
          <line num="58" count="0" type="cond" truecount="0" falsecount="2"/>
          <line num="60" count="0" type="stmt"/>
          <line num="61" count="0" type="stmt"/>
          <line num="63" count="0" type="stmt"/>
          <line num="73" count="2" type="stmt"/>
          <line num="74" count="2" type="stmt"/>
          <line num="76" count="2" type="stmt"/>
          <line num="119" count="0" type="stmt"/>
          <line num="120" count="0" type="stmt"/>
          <line num="125" count="0" type="stmt"/>
        </file>
      </package>
    </metrics>
  </project>
</coverage>
