{"/Users/admin/Dev/FreshSpaceX/jestSetup.js": {"path":"/Users/admin/Dev/FreshSpaceX/jestSetup.js","statementMap":{"0":{"start":{"line":4,"column":0},"end":{"line":4,"column":45}},"1":{"start":{"line":6,"column":0},"end":{"line":6,"column":25}},"2":{"start":{"line":7,"column":0},"end":{"line":7,"column":23}},"3":{"start":{"line":8,"column":0},"end":{"line":8,"column":21}},"4":{"start":{"line":9,"column":0},"end":{"line":9,"column":42}}},"fnMap":{},"branchMap":{},"s":{"0":8,"1":8,"2":8,"3":8,"4":8},"f":{},"b":{},"_coverageSchema":"332fd63041d2c1bcb487cc26dd0d5f7d97098a6c","hash":"16e5e67715b4ac4bbb45055e72362c90c4df5cc1"}
,"/Users/admin/Dev/FreshSpaceX/src/actions/actionCreators.js": {"path":"/Users/admin/Dev/FreshSpaceX/src/actions/actionCreators.js","statementMap":{"0":{"start":{"line":21,"column":2},"end":{"line":23,"column":4}},"1":{"start":{"line":27,"column":2},"end":{"line":30,"column":4}},"2":{"start":{"line":34,"column":2},"end":{"line":36,"column":4}},"3":{"start":{"line":40,"column":2},"end":{"line":43,"column":4}},"4":{"start":{"line":47,"column":2},"end":{"line":50,"column":4}},"5":{"start":{"line":54,"column":2},"end":{"line":57,"column":4}},"6":{"start":{"line":61,"column":2},"end":{"line":63,"column":4}},"7":{"start":{"line":67,"column":2},"end":{"line":70,"column":4}},"8":{"start":{"line":74,"column":2},"end":{"line":76,"column":4}}},"fnMap":{"0":{"name":"requestCompanyData","decl":{"start":{"line":20,"column":16},"end":{"line":20,"column":34}},"loc":{"start":{"line":20,"column":37},"end":{"line":24,"column":1}},"line":20},"1":{"name":"receiveCompanyData","decl":{"start":{"line":26,"column":16},"end":{"line":26,"column":34}},"loc":{"start":{"line":26,"column":65},"end":{"line":31,"column":1}},"line":26},"2":{"name":"requestRocketsData","decl":{"start":{"line":33,"column":16},"end":{"line":33,"column":34}},"loc":{"start":{"line":33,"column":37},"end":{"line":37,"column":1}},"line":33},"3":{"name":"receiveRocketsData","decl":{"start":{"line":39,"column":16},"end":{"line":39,"column":34}},"loc":{"start":{"line":39,"column":65},"end":{"line":44,"column":1}},"line":39},"4":{"name":"requestLaunchesData","decl":{"start":{"line":46,"column":16},"end":{"line":46,"column":35}},"loc":{"start":{"line":46,"column":52},"end":{"line":51,"column":1}},"line":46},"5":{"name":"receiveLaunchesData","decl":{"start":{"line":53,"column":16},"end":{"line":53,"column":35}},"loc":{"start":{"line":53,"column":66},"end":{"line":58,"column":1}},"line":53},"6":{"name":"toggleLaunchesMode","decl":{"start":{"line":60,"column":16},"end":{"line":60,"column":34}},"loc":{"start":{"line":60,"column":37},"end":{"line":64,"column":1}},"line":60},"7":{"name":"changeLaunchYear","decl":{"start":{"line":66,"column":16},"end":{"line":66,"column":32}},"loc":{"start":{"line":66,"column":62},"end":{"line":71,"column":1}},"line":66},"8":{"name":"toggleMetricSystem","decl":{"start":{"line":73,"column":16},"end":{"line":73,"column":34}},"loc":{"start":{"line":73,"column":37},"end":{"line":77,"column":1}},"line":73}},"branchMap":{"0":{"loc":{"start":{"line":66,"column":33},"end":{"line":66,"column":60}},"type":"default-arg","locations":[{"start":{"line":66,"column":54},"end":{"line":66,"column":60}}],"line":66}},"s":{"0":1,"1":1,"2":1,"3":1,"4":1,"5":1,"6":1,"7":2,"8":1},"f":{"0":1,"1":1,"2":1,"3":1,"4":1,"5":1,"6":1,"7":2,"8":1},"b":{"0":[1]},"_coverageSchema":"332fd63041d2c1bcb487cc26dd0d5f7d97098a6c","hash":"522ff912fb4526c6e051f7875da6bc5ec81476c9"}
,"/Users/admin/Dev/FreshSpaceX/src/actions/actionTypes.js": {"path":"/Users/admin/Dev/FreshSpaceX/src/actions/actionTypes.js","statementMap":{"0":{"start":{"line":4,"column":44},"end":{"line":4,"column":66}},"1":{"start":{"line":5,"column":44},"end":{"line":5,"column":66}},"2":{"start":{"line":8,"column":44},"end":{"line":8,"column":66}},"3":{"start":{"line":9,"column":44},"end":{"line":9,"column":66}},"4":{"start":{"line":12,"column":45},"end":{"line":12,"column":68}},"5":{"start":{"line":13,"column":45},"end":{"line":13,"column":68}},"6":{"start":{"line":14,"column":44},"end":{"line":14,"column":66}},"7":{"start":{"line":15,"column":42},"end":{"line":15,"column":62}},"8":{"start":{"line":18,"column":44},"end":{"line":18,"column":66}}},"fnMap":{},"branchMap":{},"s":{"0":5,"1":5,"2":5,"3":5,"4":5,"5":5,"6":5,"7":5,"8":5},"f":{},"b":{},"_coverageSchema":"332fd63041d2c1bcb487cc26dd0d5f7d97098a6c","hash":"71312c5d323ef266e8a5d09f580e121305a14104"}
,"/Users/admin/Dev/FreshSpaceX/src/components/copyright/Copyright.jsx": {"path":"/Users/admin/Dev/FreshSpaceX/src/components/copyright/Copyright.jsx","statementMap":{"0":{"start":{"line":5,"column":2},"end":{"line":33,"column":4}}},"fnMap":{"0":{"name":"Copyright","decl":{"start":{"line":4,"column":9},"end":{"line":4,"column":18}},"loc":{"start":{"line":4,"column":21},"end":{"line":34,"column":1}},"line":4}},"branchMap":{},"s":{"0":1},"f":{"0":1},"b":{},"_coverageSchema":"332fd63041d2c1bcb487cc26dd0d5f7d97098a6c","hash":"a2b27ca1789576e81eb2421158512de0b6897e03"}
,"/Users/admin/Dev/FreshSpaceX/src/components/header/Header.jsx": {"path":"/Users/admin/Dev/FreshSpaceX/src/components/header/Header.jsx","statementMap":{"0":{"start":{"line":14,"column":4},"end":{"line":14,"column":12}},"1":{"start":{"line":16,"column":4},"end":{"line":18,"column":6}},"2":{"start":{"line":21,"column":27},"end":{"line":21,"column":58}},"3":{"start":{"line":22,"column":27},"end":{"line":22,"column":58}},"4":{"start":{"line":25,"column":4},"end":{"line":27,"column":7}},"5":{"start":{"line":31,"column":24},"end":{"line":31,"column":69}},"6":{"start":{"line":33,"column":4},"end":{"line":53,"column":6}}},"fnMap":{"0":{"name":"(anonymous_0)","decl":{"start":{"line":13,"column":2},"end":{"line":13,"column":3}},"loc":{"start":{"line":13,"column":16},"end":{"line":19,"column":3}},"line":13},"1":{"name":"(anonymous_1)","decl":{"start":{"line":21,"column":21},"end":{"line":21,"column":22}},"loc":{"start":{"line":21,"column":27},"end":{"line":21,"column":58}},"line":21},"2":{"name":"(anonymous_2)","decl":{"start":{"line":22,"column":21},"end":{"line":22,"column":22}},"loc":{"start":{"line":22,"column":27},"end":{"line":22,"column":58}},"line":22},"3":{"name":"(anonymous_3)","decl":{"start":{"line":24,"column":29},"end":{"line":24,"column":30}},"loc":{"start":{"line":24,"column":35},"end":{"line":28,"column":3}},"line":24},"4":{"name":"(anonymous_4)","decl":{"start":{"line":30,"column":2},"end":{"line":30,"column":3}},"loc":{"start":{"line":30,"column":11},"end":{"line":54,"column":3}},"line":30}},"branchMap":{"0":{"loc":{"start":{"line":31,"column":24},"end":{"line":31,"column":69}},"type":"cond-expr","locations":[{"start":{"line":31,"column":56},"end":{"line":31,"column":64}},{"start":{"line":31,"column":67},"end":{"line":31,"column":69}}],"line":31}},"s":{"0":2,"1":2,"2":1,"3":1,"4":2,"5":4,"6":4},"f":{"0":2,"1":1,"2":1,"3":2,"4":4},"b":{"0":[1,3]},"_coverageSchema":"332fd63041d2c1bcb487cc26dd0d5f7d97098a6c","hash":"9622950e26933d25e7ae2e964c1796a522d55e90"}
,"/Users/admin/Dev/FreshSpaceX/src/reducers/companyData.js": {"path":"/Users/admin/Dev/FreshSpaceX/src/reducers/companyData.js","statementMap":{"0":{"start":{"line":14,"column":2},"end":{"line":20,"column":3}},"1":{"start":{"line":16,"column":6},"end":{"line":16,"column":32}},"2":{"start":{"line":19,"column":6},"end":{"line":19,"column":19}}},"fnMap":{"0":{"name":"companyData","decl":{"start":{"line":13,"column":9},"end":{"line":13,"column":20}},"loc":{"start":{"line":13,"column":64},"end":{"line":21,"column":1}},"line":13}},"branchMap":{"0":{"loc":{"start":{"line":13,"column":21},"end":{"line":13,"column":42}},"type":"default-arg","locations":[{"start":{"line":13,"column":40},"end":{"line":13,"column":42}}],"line":13},"1":{"loc":{"start":{"line":14,"column":2},"end":{"line":20,"column":3}},"type":"switch","locations":[{"start":{"line":15,"column":4},"end":{"line":17,"column":5}},{"start":{"line":18,"column":4},"end":{"line":19,"column":19}}],"line":14}},"s":{"0":2,"1":1,"2":1},"f":{"0":2},"b":{"0":[1],"1":[1,1]},"_coverageSchema":"332fd63041d2c1bcb487cc26dd0d5f7d97098a6c","hash":"cccd4f32e06e26a39631f676b2ba0e2dd8976305"}
,"/Users/admin/Dev/FreshSpaceX/src/reducers/launches.js": {"path":"/Users/admin/Dev/FreshSpaceX/src/reducers/launches.js","statementMap":{"0":{"start":{"line":17,"column":2},"end":{"line":44,"column":3}},"1":{"start":{"line":19,"column":31},"end":{"line":19,"column":37}},"2":{"start":{"line":20,"column":35},"end":{"line":20,"column":94}},"3":{"start":{"line":22,"column":6},"end":{"line":25,"column":8}},"4":{"start":{"line":29,"column":6},"end":{"line":32,"column":8}},"5":{"start":{"line":36,"column":6},"end":{"line":39,"column":8}},"6":{"start":{"line":43,"column":6},"end":{"line":43,"column":19}}},"fnMap":{"0":{"name":"launches","decl":{"start":{"line":16,"column":9},"end":{"line":16,"column":17}},"loc":{"start":{"line":16,"column":69},"end":{"line":45,"column":1}},"line":16}},"branchMap":{"0":{"loc":{"start":{"line":16,"column":18},"end":{"line":16,"column":39}},"type":"default-arg","locations":[{"start":{"line":16,"column":37},"end":{"line":16,"column":39}}],"line":16},"1":{"loc":{"start":{"line":17,"column":2},"end":{"line":44,"column":3}},"type":"switch","locations":[{"start":{"line":18,"column":4},"end":{"line":26,"column":5}},{"start":{"line":28,"column":4},"end":{"line":33,"column":5}},{"start":{"line":35,"column":4},"end":{"line":40,"column":5}},{"start":{"line":42,"column":4},"end":{"line":43,"column":19}}],"line":17},"2":{"loc":{"start":{"line":20,"column":35},"end":{"line":20,"column":94}},"type":"cond-expr","locations":[{"start":{"line":20,"column":65},"end":{"line":20,"column":77}},{"start":{"line":20,"column":80},"end":{"line":20,"column":94}}],"line":20}},"s":{"0":5,"1":2,"2":2,"3":2,"4":1,"5":1,"6":1},"f":{"0":5},"b":{"0":[1],"1":[2,1,1,1],"2":[1,1]},"_coverageSchema":"332fd63041d2c1bcb487cc26dd0d5f7d97098a6c","hash":"3de05ce87c8ce87d8e4e04cc30b095214c492feb"}
,"/Users/admin/Dev/FreshSpaceX/src/reducers/measurementSystem.js": {"path":"/Users/admin/Dev/FreshSpaceX/src/reducers/measurementSystem.js","statementMap":{"0":{"start":{"line":9,"column":2},"end":{"line":18,"column":3}},"1":{"start":{"line":11,"column":6},"end":{"line":14,"column":8}},"2":{"start":{"line":17,"column":6},"end":{"line":17,"column":19}}},"fnMap":{"0":{"name":"measurementSystem","decl":{"start":{"line":8,"column":9},"end":{"line":8,"column":26}},"loc":{"start":{"line":8,"column":70},"end":{"line":19,"column":1}},"line":8}},"branchMap":{"0":{"loc":{"start":{"line":8,"column":27},"end":{"line":8,"column":48}},"type":"default-arg","locations":[{"start":{"line":8,"column":46},"end":{"line":8,"column":48}}],"line":8},"1":{"loc":{"start":{"line":9,"column":2},"end":{"line":18,"column":3}},"type":"switch","locations":[{"start":{"line":10,"column":4},"end":{"line":15,"column":5}},{"start":{"line":16,"column":4},"end":{"line":17,"column":19}}],"line":9}},"s":{"0":2,"1":1,"2":1},"f":{"0":2},"b":{"0":[1],"1":[1,1]},"_coverageSchema":"332fd63041d2c1bcb487cc26dd0d5f7d97098a6c","hash":"a454e0391cce312ca734de751a9bda638ce68c97"}
,"/Users/admin/Dev/FreshSpaceX/src/reducers/rocketsData.js": {"path":"/Users/admin/Dev/FreshSpaceX/src/reducers/rocketsData.js","statementMap":{"0":{"start":{"line":9,"column":2},"end":{"line":15,"column":3}},"1":{"start":{"line":11,"column":6},"end":{"line":11,"column":32}},"2":{"start":{"line":14,"column":6},"end":{"line":14,"column":19}}},"fnMap":{"0":{"name":"rocketsData","decl":{"start":{"line":8,"column":9},"end":{"line":8,"column":20}},"loc":{"start":{"line":8,"column":64},"end":{"line":16,"column":1}},"line":8}},"branchMap":{"0":{"loc":{"start":{"line":8,"column":21},"end":{"line":8,"column":42}},"type":"default-arg","locations":[{"start":{"line":8,"column":40},"end":{"line":8,"column":42}}],"line":8},"1":{"loc":{"start":{"line":9,"column":2},"end":{"line":15,"column":3}},"type":"switch","locations":[{"start":{"line":10,"column":4},"end":{"line":12,"column":5}},{"start":{"line":13,"column":4},"end":{"line":14,"column":19}}],"line":9}},"s":{"0":2,"1":1,"2":1},"f":{"0":2},"b":{"0":[1],"1":[1,1]},"_coverageSchema":"332fd63041d2c1bcb487cc26dd0d5f7d97098a6c","hash":"9ad7bfe3a70dd8bb2c799e79cc05c539d464d338"}
,"/Users/admin/Dev/FreshSpaceX/src/utils/FetchData.js": {"path":"/Users/admin/Dev/FreshSpaceX/src/utils/FetchData.js","statementMap":{"0":{"start":{"line":4,"column":18},"end":{"line":10,"column":1}},"1":{"start":{"line":5,"column":14},"end":{"line":5,"column":55}},"2":{"start":{"line":7,"column":2},"end":{"line":9,"column":24}},"3":{"start":{"line":8,"column":22},"end":{"line":8,"column":37}},"4":{"start":{"line":9,"column":18},"end":{"line":9,"column":22}}},"fnMap":{"0":{"name":"(anonymous_0)","decl":{"start":{"line":4,"column":18},"end":{"line":4,"column":19}},"loc":{"start":{"line":4,"column":59},"end":{"line":10,"column":1}},"line":4},"1":{"name":"(anonymous_1)","decl":{"start":{"line":8,"column":10},"end":{"line":8,"column":11}},"loc":{"start":{"line":8,"column":22},"end":{"line":8,"column":37}},"line":8},"2":{"name":"(anonymous_2)","decl":{"start":{"line":9,"column":10},"end":{"line":9,"column":11}},"loc":{"start":{"line":9,"column":18},"end":{"line":9,"column":22}},"line":9}},"branchMap":{"0":{"loc":{"start":{"line":4,"column":19},"end":{"line":4,"column":42}},"type":"default-arg","locations":[{"start":{"line":4,"column":36},"end":{"line":4,"column":42}}],"line":4}},"s":{"0":1,"1":1,"2":1,"3":1,"4":1},"f":{"0":1,"1":1,"2":1},"b":{"0":[1]},"_coverageSchema":"332fd63041d2c1bcb487cc26dd0d5f7d97098a6c","hash":"91ef802aae9dab6af626129e8e9dfac19f1b2e94"}
}
