TN:
SF:/Users/admin/Dev/FreshSpaceX/jestSetup.js
FNF:0
FNH:0
DA:4,8
DA:6,8
DA:7,8
DA:8,8
DA:9,8
LF:5
LH:5
BRF:0
BRH:0
end_of_record
TN:
SF:/Users/admin/Dev/FreshSpaceX/src/actions/actionCreators.js
FN:20,requestCompanyData
FN:26,receiveCompanyData
FN:33,requestRocketsData
FN:39,receiveRocketsData
FN:46,requestLaunchesData
FN:53,receiveLaunchesData
FN:60,toggleLaunchesMode
FN:66,changeLaunchYear
FN:73,toggleMetricSystem
FNF:9
FNH:9
FNDA:1,requestCompanyData
FNDA:1,receiveCompanyData
FNDA:1,requestRocketsData
FNDA:1,receiveRocketsData
FNDA:1,requestLaunchesData
FNDA:1,receiveLaunchesData
FNDA:1,toggleLaunchesMode
FNDA:2,changeLaunchYear
FNDA:1,toggleMetricSystem
DA:21,1
DA:27,1
DA:34,1
DA:40,1
DA:47,1
DA:54,1
DA:61,1
DA:67,2
DA:74,1
LF:9
LH:9
BRDA:66,0,0,1
BRF:1
BRH:1
end_of_record
TN:
SF:/Users/admin/Dev/FreshSpaceX/src/actions/actionTypes.js
FNF:0
FNH:0
DA:4,5
DA:5,5
DA:8,5
DA:9,5
DA:12,5
DA:13,5
DA:14,5
DA:15,5
DA:18,5
LF:9
LH:9
BRF:0
BRH:0
end_of_record
TN:
SF:/Users/admin/Dev/FreshSpaceX/src/components/copyright/Copyright.jsx
FN:4,Copyright
FNF:1
FNH:1
FNDA:1,Copyright
DA:5,1
LF:1
LH:1
BRF:0
BRH:0
end_of_record
TN:
SF:/Users/admin/Dev/FreshSpaceX/src/components/header/Header.jsx
FN:13,(anonymous_0)
FN:21,(anonymous_1)
FN:22,(anonymous_2)
FN:24,(anonymous_3)
FN:30,(anonymous_4)
FNF:5
FNH:5
FNDA:2,(anonymous_0)
FNDA:1,(anonymous_1)
FNDA:1,(anonymous_2)
FNDA:2,(anonymous_3)
FNDA:4,(anonymous_4)
DA:14,2
DA:16,2
DA:21,1
DA:22,1
DA:25,2
DA:31,4
DA:33,4
LF:7
LH:7
BRDA:31,0,0,1
BRDA:31,0,1,3
BRF:2
BRH:2
end_of_record
TN:
SF:/Users/admin/Dev/FreshSpaceX/src/reducers/companyData.js
FN:13,companyData
FNF:1
FNH:1
FNDA:2,companyData
DA:14,2
DA:16,1
DA:19,1
LF:3
LH:3
BRDA:13,0,0,1
BRDA:14,1,0,1
BRDA:14,1,1,1
BRF:3
BRH:3
end_of_record
TN:
SF:/Users/admin/Dev/FreshSpaceX/src/reducers/launches.js
FN:16,launches
FNF:1
FNH:1
FNDA:5,launches
DA:17,5
DA:19,2
DA:20,2
DA:22,2
DA:29,1
DA:36,1
DA:43,1
LF:7
LH:7
BRDA:16,0,0,1
BRDA:17,1,0,2
BRDA:17,1,1,1
BRDA:17,1,2,1
BRDA:17,1,3,1
BRDA:20,2,0,1
BRDA:20,2,1,1
BRF:7
BRH:7
end_of_record
TN:
SF:/Users/admin/Dev/FreshSpaceX/src/reducers/measurementSystem.js
FN:8,measurementSystem
FNF:1
FNH:1
FNDA:2,measurementSystem
DA:9,2
DA:11,1
DA:17,1
LF:3
LH:3
BRDA:8,0,0,1
BRDA:9,1,0,1
BRDA:9,1,1,1
BRF:3
BRH:3
end_of_record
TN:
SF:/Users/admin/Dev/FreshSpaceX/src/reducers/rocketsData.js
FN:8,rocketsData
FNF:1
FNH:1
FNDA:2,rocketsData
DA:9,2
DA:11,1
DA:14,1
LF:3
LH:3
BRDA:8,0,0,1
BRDA:9,1,0,1
BRDA:9,1,1,1
BRF:3
BRH:3
end_of_record
TN:
SF:/Users/admin/Dev/FreshSpaceX/src/utils/FetchData.js
FN:4,(anonymous_0)
FN:8,(anonymous_1)
FN:9,(anonymous_2)
FNF:3
FNH:3
FNDA:1,(anonymous_0)
FNDA:1,(anonymous_1)
FNDA:1,(anonymous_2)
DA:4,1
DA:5,1
DA:7,1
DA:8,1
DA:9,1
LF:5
LH:5
BRDA:4,0,0,1
BRF:1
BRH:1
end_of_record
