TN:
SF:/Users/admin/Dev/FreshSpaceX/jestSetup.js
FNF:0
FNH:0
DA:4,11
DA:6,11
DA:7,11
DA:8,11
DA:9,11
LF:5
LH:5
BRF:0
BRH:0
end_of_record
TN:
SF:/Users/admin/Dev/FreshSpaceX/src/actions/actionCreators.js
FN:20,requestCompanyData
FN:26,receiveCompanyData
FN:33,requestRocketsData
FN:39,receiveRocketsData
FN:46,requestLaunchesData
FN:53,receiveLaunchesData
FN:60,toggleLaunchesMode
FN:66,changeLaunchYear
FN:73,toggleMetricSystem
FNF:9
FNH:9
FNDA:1,requestCompanyData
FNDA:1,receiveCompanyData
FNDA:1,requestRocketsData
FNDA:1,receiveRocketsData
FNDA:1,requestLaunchesData
FNDA:1,receiveLaunchesData
FNDA:1,toggleLaunchesMode
FNDA:2,changeLaunchYear
FNDA:1,toggleMetricSystem
DA:21,1
DA:27,1
DA:34,1
DA:40,1
DA:47,1
DA:54,1
DA:61,1
DA:67,2
DA:74,1
LF:9
LH:9
BRDA:66,0,0,1
BRF:1
BRH:1
end_of_record
TN:
SF:/Users/admin/Dev/FreshSpaceX/src/actions/actionTypes.js
FNF:0
FNH:0
DA:4,5
DA:5,5
DA:8,5
DA:9,5
DA:12,5
DA:13,5
DA:14,5
DA:15,5
DA:18,5
LF:9
LH:9
BRF:0
BRH:0
end_of_record
TN:
SF:/Users/admin/Dev/FreshSpaceX/src/components/copyright/Copyright.jsx
FN:4,Copyright
FNF:1
FNH:1
FNDA:1,Copyright
DA:5,1
LF:1
LH:1
BRF:0
BRH:0
end_of_record
TN:
SF:/Users/admin/Dev/FreshSpaceX/src/components/header/Header.jsx
FN:13,(anonymous_0)
FN:21,(anonymous_1)
FN:22,(anonymous_2)
FN:24,(anonymous_3)
FN:30,(anonymous_4)
FNF:5
FNH:5
FNDA:2,(anonymous_0)
FNDA:1,(anonymous_1)
FNDA:1,(anonymous_2)
FNDA:2,(anonymous_3)
FNDA:4,(anonymous_4)
DA:14,2
DA:16,2
DA:21,1
DA:22,1
DA:25,2
DA:31,4
DA:33,4
LF:7
LH:7
BRDA:31,0,0,1
BRDA:31,0,1,3
BRF:2
BRH:2
end_of_record
TN:
SF:/Users/admin/Dev/FreshSpaceX/src/components/spinner/Spinner.jsx
FN:6,(anonymous_0)
FNF:1
FNH:1
FNDA:1,(anonymous_0)
DA:6,2
DA:7,1
LF:2
LH:2
BRF:0
BRH:0
end_of_record
TN:
SF:/Users/admin/Dev/FreshSpaceX/src/reducers/companyData.js
FN:13,companyData
FNF:1
FNH:1
FNDA:2,companyData
DA:14,2
DA:16,1
DA:19,1
LF:3
LH:3
BRDA:13,0,0,1
BRDA:14,1,0,1
BRDA:14,1,1,1
BRF:3
BRH:3
end_of_record
TN:
SF:/Users/admin/Dev/FreshSpaceX/src/reducers/launches.js
FN:16,launches
FNF:1
FNH:1
FNDA:5,launches
DA:17,5
DA:19,2
DA:20,2
DA:22,2
DA:29,1
DA:36,1
DA:43,1
LF:7
LH:7
BRDA:16,0,0,1
BRDA:17,1,0,2
BRDA:17,1,1,1
BRDA:17,1,2,1
BRDA:17,1,3,1
BRDA:20,2,0,1
BRDA:20,2,1,1
BRF:7
BRH:7
end_of_record
TN:
SF:/Users/admin/Dev/FreshSpaceX/src/reducers/measurementSystem.js
FN:8,measurementSystem
FNF:1
FNH:1
FNDA:2,measurementSystem
DA:9,2
DA:11,1
DA:17,1
LF:3
LH:3
BRDA:8,0,0,1
BRDA:9,1,0,1
BRDA:9,1,1,1
BRF:3
BRH:3
end_of_record
TN:
SF:/Users/admin/Dev/FreshSpaceX/src/reducers/rocketsData.js
FN:8,rocketsData
FNF:1
FNH:1
FNDA:2,rocketsData
DA:9,2
DA:11,1
DA:14,1
LF:3
LH:3
BRDA:8,0,0,1
BRDA:9,1,0,1
BRDA:9,1,1,1
BRF:3
BRH:3
end_of_record
TN:
SF:/Users/admin/Dev/FreshSpaceX/src/utils/FetchData.js
FN:4,(anonymous_0)
FN:8,(anonymous_1)
FN:9,(anonymous_2)
FNF:3
FNH:3
FNDA:1,(anonymous_0)
FNDA:1,(anonymous_1)
FNDA:1,(anonymous_2)
DA:4,1
DA:5,1
DA:7,1
DA:8,1
DA:9,1
LF:5
LH:5
BRDA:4,0,0,1
BRF:1
BRH:1
end_of_record
TN:
SF:/Users/admin/Dev/FreshSpaceX/src/views/contacts/Contacts.jsx
FN:8,Contacts
FNF:1
FNH:1
FNDA:1,Contacts
DA:9,1
LF:1
LH:1
BRF:0
BRH:0
end_of_record
TN:
SF:/Users/admin/Dev/FreshSpaceX/src/views/launches/LaunchBlock.jsx
FN:8,(anonymous_0)
FNF:1
FNH:0
FNDA:0,(anonymous_0)
DA:8,1
DA:16,0
DA:19,0
LF:3
LH:1
BRDA:21,0,0,0
BRDA:21,0,1,0
BRDA:21,1,0,0
BRDA:21,1,1,0
BRDA:28,2,0,0
BRDA:28,2,1,0
BRF:6
BRH:0
end_of_record
TN:
SF:/Users/admin/Dev/FreshSpaceX/src/views/launches/Launches.jsx
FN:27,(anonymous_0)
FN:35,(anonymous_1)
FN:39,(anonymous_2)
FN:45,(anonymous_3)
FN:49,(anonymous_4)
FN:55,(anonymous_5)
FN:68,(anonymous_6)
FN:118,(anonymous_7)
FNF:8
FNH:5
FNDA:2,(anonymous_0)
FNDA:2,(anonymous_1)
FNDA:2,(anonymous_2)
FNDA:1,(anonymous_3)
FNDA:0,(anonymous_4)
FNDA:0,(anonymous_5)
FNDA:2,(anonymous_6)
FNDA:0,(anonymous_7)
DA:28,2
DA:30,2
DA:36,2
DA:40,2
DA:41,2
DA:46,1
DA:50,0
DA:52,0
DA:56,0
DA:58,0
DA:60,0
DA:61,0
DA:63,0
DA:73,2
DA:74,2
DA:76,2
DA:119,0
DA:120,0
DA:125,0
LF:19
LH:9
BRDA:40,0,0,2
BRDA:40,0,1,0
BRDA:58,1,0,0
BRDA:58,1,1,0
BRDA:116,2,0,2
BRDA:116,2,1,0
BRDA:118,3,0,0
BRDA:118,3,1,2
BRF:8
BRH:3
end_of_record
